<?xml version="1.0" encoding="UTF-8"?>
<!-- Generated by org.testng.reporters.JUnitXMLReporter -->
<testsuite ignored="0" hostname="DESKTOP-PBDN9FV" failures="1" tests="1" name="Test" time="35.219" errors="0" timestamp="2024-05-19T17:00:13 IST">
  <testcase classname="listner.AccessDemoWorkShop1" name="addAddress" time="0.046">
    <failure type="java.lang.AssertionError" message="null">
      <![CDATA[java.lang.AssertionError: null
at listner.AccessDemoWorkShop1.addAddress(AccessDemoWorkShop1.java:14)
at java.base/java.util.ArrayList.forEach(ArrayList.java:1511)
... Removed 29 stack frames]]>
    </failure>
  </testcase> <!-- addAddress -->
</testsuite> <!-- Test -->
